\BOOKMARK [1][-]{section.1}{Introduction}{}% 1
\BOOKMARK [2][-]{subsection.1.1}{Purpose}{section.1}% 2
\BOOKMARK [2][-]{subsection.1.2}{Actual system}{section.1}% 3
\BOOKMARK [2][-]{subsection.1.3}{Scope}{section.1}% 4
\BOOKMARK [2][-]{subsection.1.4}{Actors}{section.1}% 5
\BOOKMARK [2][-]{subsection.1.5}{Goals}{section.1}% 6
\BOOKMARK [2][-]{subsection.1.6}{Reference Documents}{section.1}% 7
\BOOKMARK [2][-]{subsection.1.7}{Document overview}{section.1}% 8
\BOOKMARK [1][-]{section.2}{Overall Description}{}% 9
\BOOKMARK [2][-]{subsection.2.1}{Product perspective}{section.2}% 10
\BOOKMARK [2][-]{subsection.2.2}{User characteristics}{section.2}% 11
\BOOKMARK [2][-]{subsection.2.3}{Constraints}{section.2}% 12
\BOOKMARK [3][-]{subsubsection.2.3.1}{Regulatory policies}{subsection.2.3}% 13
\BOOKMARK [3][-]{subsubsection.2.3.2}{Hardware limitations}{subsection.2.3}% 14
\BOOKMARK [3][-]{subsubsection.2.3.3}{Interfaces to other applications}{subsection.2.3}% 15
\BOOKMARK [3][-]{subsubsection.2.3.4}{Parallel operation}{subsection.2.3}% 16
\BOOKMARK [3][-]{subsubsection.2.3.5}{Documents related}{subsection.2.3}% 17
\BOOKMARK [2][-]{subsection.2.4}{Assumptions and Dependencies}{section.2}% 18
\BOOKMARK [2][-]{subsection.2.5}{Future possible implementation}{section.2}% 19
\BOOKMARK [1][-]{section.3}{Specific Requirements}{}% 20
\BOOKMARK [2][-]{subsection.3.1}{External Interface Requirements}{section.3}% 21
\BOOKMARK [3][-]{subsubsection.3.1.1}{API Interfaces}{subsection.3.1}% 22
\BOOKMARK [3][-]{subsubsection.3.1.2}{Hardware Interfaces}{subsection.3.1}% 23
\BOOKMARK [3][-]{subsubsection.3.1.3}{Software Interfaces}{subsection.3.1}% 24
\BOOKMARK [3][-]{subsubsection.3.1.4}{Communication Interfaces}{subsection.3.1}% 25
\BOOKMARK [2][-]{subsection.3.2}{Functional Requirements}{section.3}% 26
\BOOKMARK [3][-]{subsubsection.3.2.1}{Permit a guest to register to the service}{subsection.3.2}% 27
\BOOKMARK [3][-]{subsubsection.3.2.2}{Permit a guest to request a taxi}{subsection.3.2}% 28
\BOOKMARK [3][-]{subsubsection.3.2.3}{Permit a guest to sign in}{subsection.3.2}% 29
\BOOKMARK [3][-]{subsubsection.3.2.4}{Permit a registered passenger to require a taxi}{subsection.3.2}% 30
\BOOKMARK [3][-]{subsubsection.3.2.5}{Permit a registered passenger to make a reservation}{subsection.3.2}% 31
\BOOKMARK [3][-]{subsubsection.3.2.6}{Permit a registered passenger to cancel a reservation}{subsection.3.2}% 32
\BOOKMARK [3][-]{subsubsection.3.2.7}{Permit a taxi driver to give the system his availability}{subsection.3.2}% 33
\BOOKMARK [3][-]{subsubsection.3.2.8}{Permit a taxi driver to revoke his availability}{subsection.3.2}% 34
\BOOKMARK [3][-]{subsubsection.3.2.9}{Permit a taxi driver to accept or refuse a ride request}{subsection.3.2}% 35
\BOOKMARK [2][-]{subsection.3.3}{Scenarios}{section.3}% 36
\BOOKMARK [3][-]{subsubsection.3.3.1}{Occasional user}{subsection.3.3}% 37
\BOOKMARK [3][-]{subsubsection.3.3.2}{Habitual user}{subsection.3.3}% 38
\BOOKMARK [3][-]{subsubsection.3.3.3}{Taxi reservation}{subsection.3.3}% 39
\BOOKMARK [3][-]{subsubsection.3.3.4}{Deleting a taxi reservation}{subsection.3.3}% 40
\BOOKMARK [3][-]{subsubsection.3.3.5}{Taxi driver}{subsection.3.3}% 41
\BOOKMARK [3][-]{subsubsection.3.3.6}{Taxi availability}{subsection.3.3}% 42
\BOOKMARK [2][-]{subsection.3.4}{Use Case Diagram}{section.3}% 43
\BOOKMARK [2][-]{subsection.3.5}{Class Diagram}{section.3}% 44
