\BOOKMARK [1][-]{section.1}{Introduction}{}% 1
\BOOKMARK [2][-]{subsection.1.1}{Purpose}{section.1}% 2
\BOOKMARK [2][-]{subsection.1.2}{Scope}{section.1}% 3
\BOOKMARK [2][-]{subsection.1.3}{Definitions, Acronyms, Abbreviations}{section.1}% 4
\BOOKMARK [2][-]{subsection.1.4}{Reference Documents}{section.1}% 5
\BOOKMARK [2][-]{subsection.1.5}{Document structure}{section.1}% 6
\BOOKMARK [1][-]{section.2}{Architectural Design}{}% 7
\BOOKMARK [2][-]{subsection.2.1}{Overview}{section.2}% 8
\BOOKMARK [2][-]{subsection.2.2}{High Level Components and their interaction}{section.2}% 9
\BOOKMARK [2][-]{subsection.2.3}{Component view}{section.2}% 10
\BOOKMARK [2][-]{subsection.2.4}{Deployment view}{section.2}% 11
\BOOKMARK [2][-]{subsection.2.5}{Runtime view}{section.2}% 12
\BOOKMARK [2][-]{subsection.2.6}{Component interfaces}{section.2}% 13
\BOOKMARK [3][-]{subsubsection.2.6.1}{TaxiRequest}{subsection.2.6}% 14
\BOOKMARK [3][-]{subsubsection.2.6.2}{Area}{subsection.2.6}% 15
\BOOKMARK [3][-]{subsubsection.2.6.3}{QueueManager}{subsection.2.6}% 16
\BOOKMARK [2][-]{subsection.2.7}{Architectural styles and patterns}{section.2}% 17
\BOOKMARK [2][-]{subsection.2.8}{Other design decisions}{section.2}% 18
\BOOKMARK [1][-]{section.3}{Algorithm Design}{}% 19
\BOOKMARK [2][-]{subsection.3.1}{Request management}{section.3}% 20
\BOOKMARK [3][-]{subsubsection.3.1.1}{Pseudocode}{subsection.3.1}% 21
\BOOKMARK [2][-]{subsection.3.2}{Queue balancing}{section.3}% 22
\BOOKMARK [3][-]{subsubsection.3.2.1}{Pseudocode}{subsection.3.2}% 23
\BOOKMARK [3][-]{subsubsection.3.2.2}{Clarifications}{subsection.3.2}% 24
\BOOKMARK [1][-]{section.4}{User Interface Design}{}% 25
\BOOKMARK [1][-]{section.5}{Requirements Traceability}{}% 26
\BOOKMARK [1][-]{section.6}{References}{}% 27
